0 info it worked if it ends with ok
1 verbose cli [ 'node',
1 verbose cli   '/usr/local/bin/npm',
1 verbose cli   'install',
1 verbose cli   '--save',
1 verbose cli   'polymer-core' ]
2 info using npm@2.1.2
3 info using node@v0.10.29
4 silly cache add args [ 'polymer-core', null ]
5 verbose cache add spec polymer-core
6 silly cache add parsed spec { raw: 'polymer-core',
6 silly cache add   scope: null,
6 silly cache add   name: 'polymer-core',
6 silly cache add   rawSpec: '',
6 silly cache add   spec: '*',
6 silly cache add   type: 'range' }
7 silly addNonLocal parsed spec { raw: 'polymer-core',
7 silly addNonLocal   scope: null,
7 silly addNonLocal   name: 'polymer-core',
7 silly addNonLocal   rawSpec: '',
7 silly addNonLocal   spec: '*',
7 silly addNonLocal   type: 'range' }
8 verbose addNamed polymer-core@*
9 silly addNamed semver.valid null
10 silly addNamed semver.validRange *
11 silly addNameRange { name: 'polymer-core', range: '*', hasData: false }
12 verbose mapToRegistry name polymer-core
13 verbose mapToRegistry uri http://icsnpm.ldschurch.org/polymer-core
14 verbose request on initialization, where is /polymer-core
15 verbose request after pass 1, where is /polymer-core
16 verbose request url raw /polymer-core
17 verbose request resolving registry [ 'http://icsnpm.ldschurch.org/', './polymer-core' ]
18 verbose request after pass 2, where is http://icsnpm.ldschurch.org/polymer-core
19 verbose request no auth needed
20 info attempt registry request try #1 at 10:02:08
21 verbose request id cb3793c8d5dc5782
22 http request GET http://icsnpm.ldschurch.org/polymer-core
23 http 404 http://icsnpm.ldschurch.org/polymer-core
24 verbose headers { 'x-powered-by': 'Sinopia/0.12.0',
24 verbose headers   'content-type': 'application/json; charset=utf-8',
24 verbose headers   'content-length': '42',
24 verbose headers   etag: 'W/"2a-412941920"',
24 verbose headers   vary: 'Accept-Encoding',
24 verbose headers   'x-status-cat': 'http://flic.kr/p/aV6juR',
24 verbose headers   date: 'Fri, 17 Oct 2014 16:02:08 GMT',
24 verbose headers   connection: 'keep-alive' }
25 silly registry.get cb [ 404,
25 silly registry.get   { 'x-powered-by': 'Sinopia/0.12.0',
25 silly registry.get     'content-type': 'application/json; charset=utf-8',
25 silly registry.get     'content-length': '42',
25 silly registry.get     etag: 'W/"2a-412941920"',
25 silly registry.get     vary: 'Accept-Encoding',
25 silly registry.get     'x-status-cat': 'http://flic.kr/p/aV6juR',
25 silly registry.get     date: 'Fri, 17 Oct 2014 16:02:08 GMT',
25 silly registry.get     connection: 'keep-alive' } ]
26 verbose stack Error: no such package available : polymer-core
26 verbose stack     at RegClient.<anonymous> (/usr/local/lib/node_modules/npm/node_modules/npm-registry-client/lib/request.js:260:14)
26 verbose stack     at Request._callback (/usr/local/lib/node_modules/npm/node_modules/npm-registry-client/lib/request.js:197:65)
26 verbose stack     at Request.self.callback (/usr/local/lib/node_modules/npm/node_modules/request/request.js:237:22)
26 verbose stack     at Request.emit (events.js:98:17)
26 verbose stack     at Request.<anonymous> (/usr/local/lib/node_modules/npm/node_modules/request/request.js:1146:14)
26 verbose stack     at Request.emit (events.js:117:20)
26 verbose stack     at IncomingMessage.<anonymous> (/usr/local/lib/node_modules/npm/node_modules/request/request.js:1097:12)
26 verbose stack     at IncomingMessage.emit (events.js:117:20)
26 verbose stack     at _stream_readable.js:929:16
26 verbose stack     at process._tickCallback (node.js:419:13)
27 verbose statusCode 404
28 verbose pkgid polymer-core
29 verbose cwd /Users/corybrown/code/live-list
30 error Darwin 14.0.0
31 error argv "node" "/usr/local/bin/npm" "install" "--save" "polymer-core"
32 error node v0.10.29
33 error npm  v2.1.2
34 error code E404
35 error 404 no such package available : polymer-core
35 error 404
35 error 404 'polymer-core' is not in the npm registry.
35 error 404 You should bug the author to publish it (or use the name yourself!)
35 error 404
35 error 404 Note that you can also install from a
35 error 404 tarball, folder, http url, or git url.
36 verbose exit [ 1, true ]
